<?xml version="1.0" encoding="UTF-8"?>
<!-- Generated by org.testng.reporters.JUnitReportReporter -->
<testsuite hostname="IABLR-LT155" name="groupsPackage.Groups" tests="2" failures="0" timestamp="26 Mar 2020 15:21:33 GMT" time="0.011" errors="0">
  <testcase name="beforeTest2" time="0.002" classname="groupsPackage.Groups"/>
  <testcase name="afterTest2" time="0.009" classname="groupsPackage.Groups"/>
</testsuite> <!-- groupsPackage.Groups -->
