<?xml version="1.0" encoding="UTF-8"?>
<!-- Generated by org.testng.reporters.JUnitReportReporter -->
<testsuite hostname="IABLR-LT155" name="dataProviderPackage.DataProviderWithHastTable" tests="2" failures="0" timestamp="27 Mar 2020 11:19:06 GMT" time="0.010" errors="0">
  <testcase name="loginAPI" time="0.009" classname="dataProviderPackage.DataProviderWithHastTable"/>
  <testcase name="loginAPI" time="0.001" classname="dataProviderPackage.DataProviderWithHastTable"/>
</testsuite> <!-- dataProviderPackage.DataProviderWithHastTable -->
