<?xml version="1.0" encoding="UTF-8"?>
<!-- Generated by org.testng.reporters.JUnitReportReporter -->
<testsuite hostname="IABLR-LT155" name="dataProviderPackage.DataProvider1" tests="2" failures="0" timestamp="27 Mar 2020 09:49:58 GMT" time="0.020" errors="0">
  <testcase name="loginAPI" time="0.010" classname="dataProviderPackage.DataProvider1"/>
  <testcase name="loginAPI" time="0.010" classname="dataProviderPackage.DataProvider1"/>
</testsuite> <!-- dataProviderPackage.DataProvider1 -->
