<?xml version="1.0" encoding="UTF-8"?>
<!-- Generated by org.testng.reporters.JUnitReportReporter -->
<testsuite hostname="IABLR-LT155" name="parametersPackage.Parameterization" tests="1" failures="0" timestamp="27 Mar 2020 11:43:39 GMT" time="0.011" errors="0">
  <testcase name="testParameterization" time="0.011" classname="parametersPackage.Parameterization"/>
</testsuite> <!-- parametersPackage.Parameterization -->
