<?xml version="1.0" encoding="UTF-8"?>
<!-- Generated by org.testng.reporters.JUnitReportReporter -->
<testsuite hostname="IABLR-LT155" name="dataProviderPackage.DataProviderFromExcel1" tests="2" failures="0" timestamp="27 Mar 2020 10:54:10 GMT" time="0.009" errors="0">
  <testcase name="loginAPI" time="0.006" classname="dataProviderPackage.DataProviderFromExcel1"/>
  <testcase name="loginAPI" time="0.003" classname="dataProviderPackage.DataProviderFromExcel1"/>
</testsuite> <!-- dataProviderPackage.DataProviderFromExcel1 -->
